<?xml version="1.0" encoding="UTF-8"?>
<testsuite xmlns:xsi="http://www.w3.org/2001/XMLSchema-instance" xsi:noNamespaceSchemaLocation="https://maven.apache.org/surefire/maven-surefire-plugin/xsd/surefire-test-report.xsd" name="com.j2mvc.util.AppTest" time="0.043" tests="1" errors="0" skipped="0" failures="0">
  <properties>
    <property name="sun.desktop" value="windows"/>
    <property name="awt.toolkit" value="sun.awt.windows.WToolkit"/>
    <property name="file.encoding.pkg" value="sun.io"/>
    <property name="java.specification.version" value="1.8"/>
    <property name="sun.cpu.isalist" value="amd64"/>
    <property name="sun.jnu.encoding" value="GBK"/>
    <property name="java.class.path" value="D:\works\gitrepos\j2mvc\j2mvc-util\target\test-classes;D:\works\gitrepos\j2mvc\j2mvc-util\target\classes;D:\m2\repo\junit\junit\4.11\junit-4.11.jar;D:\m2\repo\org\hamcrest\hamcrest-core\1.3\hamcrest-core-1.3.jar;D:\m2\repo\org\jsoup\jsoup\1.9.2\jsoup-1.9.2.jar;D:\m2\repo\org\json\json\20180813\json-20180813.jar;D:\m2\repo\javax\mail\mail\1.4.7\mail-1.4.7.jar;D:\m2\repo\javax\activation\activation\1.1\activation-1.1.jar;D:\m2\repo\javax\servlet\javax.servlet-api\3.0.1\javax.servlet-api-3.0.1.jar;D:\m2\repo\com\belerweb\pinyin4j\2.5.0\pinyin4j-2.5.0.jar;D:\m2\repo\log4j\log4j\1.2.16\log4j-1.2.16.jar;"/>
    <property name="java.vm.vendor" value="Oracle Corporation"/>
    <property name="sun.arch.data.model" value="64"/>
    <property name="user.variant" value=""/>
    <property name="java.vendor.url" value="http://java.oracle.com/"/>
    <property name="user.timezone" value="Asia/Shanghai"/>
    <property name="java.vm.specification.version" value="1.8"/>
    <property name="os.name" value="Windows 7"/>
    <property name="user.country" value="CN"/>
    <property name="sun.java.launcher" value="SUN_STANDARD"/>
    <property name="sun.boot.library.path" value="C:\Program Files\Java\jdk1.8.0_211\jre\bin"/>
    <property name="sun.java.command" value="C:\Users\ADMINI~1\AppData\Local\Temp\surefire1739243313301533644\surefirebooter8614661922928339833.jar C:\Users\Administrator\AppData\Local\Temp\surefire1739243313301533644 2019-06-05T18-46-47_017-jvmRun1 surefire7094464428470047689tmp surefire_02673293707115295621tmp"/>
    <property name="surefire.test.class.path" value="D:\works\gitrepos\j2mvc\j2mvc-util\target\test-classes;D:\works\gitrepos\j2mvc\j2mvc-util\target\classes;D:\m2\repo\junit\junit\4.11\junit-4.11.jar;D:\m2\repo\org\hamcrest\hamcrest-core\1.3\hamcrest-core-1.3.jar;D:\m2\repo\org\jsoup\jsoup\1.9.2\jsoup-1.9.2.jar;D:\m2\repo\org\json\json\20180813\json-20180813.jar;D:\m2\repo\javax\mail\mail\1.4.7\mail-1.4.7.jar;D:\m2\repo\javax\activation\activation\1.1\activation-1.1.jar;D:\m2\repo\javax\servlet\javax.servlet-api\3.0.1\javax.servlet-api-3.0.1.jar;D:\m2\repo\com\belerweb\pinyin4j\2.5.0\pinyin4j-2.5.0.jar;D:\m2\repo\log4j\log4j\1.2.16\log4j-1.2.16.jar;"/>
    <property name="sun.cpu.endian" value="little"/>
    <property name="user.home" value="C:\Users\Administrator"/>
    <property name="user.language" value="zh"/>
    <property name="java.specification.vendor" value="Oracle Corporation"/>
    <property name="java.home" value="C:\Program Files\Java\jdk1.8.0_211\jre"/>
    <property name="basedir" value="D:\works\gitrepos\j2mvc\j2mvc-util"/>
    <property name="file.separator" value="\"/>
    <property name="line.separator" value="&#10;"/>
    <property name="java.vm.specification.vendor" value="Oracle Corporation"/>
    <property name="java.specification.name" value="Java Platform API Specification"/>
    <property name="java.awt.graphicsenv" value="sun.awt.Win32GraphicsEnvironment"/>
    <property name="surefire.real.class.path" value="C:\Users\ADMINI~1\AppData\Local\Temp\surefire1739243313301533644\surefirebooter8614661922928339833.jar"/>
    <property name="sun.boot.class.path" value="C:\Program Files\Java\jdk1.8.0_211\jre\lib\resources.jar;C:\Program Files\Java\jdk1.8.0_211\jre\lib\rt.jar;C:\Program Files\Java\jdk1.8.0_211\jre\lib\sunrsasign.jar;C:\Program Files\Java\jdk1.8.0_211\jre\lib\jsse.jar;C:\Program Files\Java\jdk1.8.0_211\jre\lib\jce.jar;C:\Program Files\Java\jdk1.8.0_211\jre\lib\charsets.jar;C:\Program Files\Java\jdk1.8.0_211\jre\lib\jfr.jar;C:\Program Files\Java\jdk1.8.0_211\jre\classes"/>
    <property name="user.script" value=""/>
    <property name="sun.management.compiler" value="HotSpot 64-Bit Tiered Compilers"/>
    <property name="java.runtime.version" value="1.8.0_211-b12"/>
    <property name="user.name" value="Administrator"/>
    <property name="path.separator" value=";"/>
    <property name="os.version" value="6.1"/>
    <property name="java.endorsed.dirs" value="C:\Program Files\Java\jdk1.8.0_211\jre\lib\endorsed"/>
    <property name="java.runtime.name" value="Java(TM) SE Runtime Environment"/>
    <property name="file.encoding" value="GBK"/>
    <property name="java.vm.name" value="Java HotSpot(TM) 64-Bit Server VM"/>
    <property name="localRepository" value="D:\m2\repo"/>
    <property name="java.vendor.url.bug" value="http://bugreport.sun.com/bugreport/"/>
    <property name="java.io.tmpdir" value="C:\Users\ADMINI~1\AppData\Local\Temp\"/>
    <property name="java.version" value="1.8.0_211"/>
    <property name="user.dir" value="D:\works\gitrepos\j2mvc\j2mvc-util"/>
    <property name="os.arch" value="amd64"/>
    <property name="java.vm.specification.name" value="Java Virtual Machine Specification"/>
    <property name="java.awt.printerjob" value="sun.awt.windows.WPrinterJob"/>
    <property name="sun.os.patch.level" value="Service Pack 1"/>
    <property name="java.library.path" value="C:\Program Files\Java\jdk1.8.0_211\jre\bin;C:\Windows\Sun\Java\bin;C:\Windows\system32;C:\Windows;C:\Users\Administrator\bin;C:\Program Files\Git\mingw64\bin;C:\Program Files\Git\usr\local\bin;C:\Program Files\Git\usr\bin;C:\Program Files\Git\usr\bin;C:\Program Files\Git\mingw64\bin;C:\Program Files\Git\usr\bin;C:\Users\Administrator\bin;C:\Program Files (x86)\Common Files\Oracle\Java\javapath;C:\Windows\system32;C:\Windows;C:\Windows\System32\Wbem;C:\Windows\System32\WindowsPowerShell\v1.0;C:\Program Files\TortoiseSVN\bin;C:\Program Files\Git\cmd;C:\Program Files\nodejs;C:\Program Files (x86)\SSH Communications Security\SSH Secure Shell;%WebStorm%;C:\Users\Administrator\AppData\Roaming\npm;E:\local\apache-maven-3.3.9\bin;C:\Program Files\Microsoft VS Code\bin;C:\Program Files (x86)\SSH Communications Security\SSH Secure Shell;C:\Program Files\JetBrains\WebStorm 2019.1.1\bin;C:\Users\Administrator\AppData\Roaming\npm;E:\local\apache-maven-3.3.9\bin;C:\Program Files\Git\usr\bin\vendor_perl;C:\Program Files\Git\usr\bin\core_perl;."/>
    <property name="java.vm.info" value="mixed mode"/>
    <property name="java.vendor" value="Oracle Corporation"/>
    <property name="java.vm.version" value="25.211-b12"/>
    <property name="java.ext.dirs" value="C:\Program Files\Java\jdk1.8.0_211\jre\lib\ext;C:\Windows\Sun\Java\lib\ext"/>
    <property name="sun.io.unicode.encoding" value="UnicodeLittle"/>
    <property name="java.class.version" value="52.0"/>
  </properties>
  <testcase name="shouldAnswerWithTrue" classname="com.j2mvc.util.AppTest" time="0.001"/>
</testsuite>